mode: set
github.com/nstogner/timewindow/tod_window.go:8.60,10.16 2 0
github.com/nstogner/timewindow/tod_window.go:14.2,15.16 2 0
github.com/nstogner/timewindow/tod_window.go:19.2,19.42 1 0
github.com/nstogner/timewindow/tod_window.go:10.16,12.3 1 0
github.com/nstogner/timewindow/tod_window.go:15.16,17.3 1 0
github.com/nstogner/timewindow/tod_window.go:29.71,31.2 1 1
github.com/nstogner/timewindow/tod_window.go:33.56,35.2 1 1
github.com/nstogner/timewindow/tod_window.go:37.65,39.2 1 1
github.com/nstogner/timewindow/tod_window.go:41.54,43.18 2 1
github.com/nstogner/timewindow/tod_window.go:46.2,46.12 1 1
github.com/nstogner/timewindow/tod_window.go:43.18,45.3 1 1
github.com/nstogner/timewindow/tod_window.go:49.36,51.2 1 1
github.com/nstogner/timewindow/utils.go:6.49,9.2 2 1
github.com/nstogner/timewindow/weekdays.go:43.59,45.31 2 1
github.com/nstogner/timewindow/weekdays.go:52.2,52.17 1 1
github.com/nstogner/timewindow/weekdays.go:45.31,47.10 2 1
github.com/nstogner/timewindow/weekdays.go:50.3,50.17 1 1
github.com/nstogner/timewindow/weekdays.go:47.10,49.4 1 1
github.com/nstogner/timewindow/weekdays.go:60.66,61.17 1 1
github.com/nstogner/timewindow/weekdays.go:65.2,66.21 2 1
github.com/nstogner/timewindow/weekdays.go:69.2,73.36 2 1
github.com/nstogner/timewindow/weekdays.go:79.2,79.27 1 1
github.com/nstogner/timewindow/weekdays.go:85.2,85.14 1 1
github.com/nstogner/timewindow/weekdays.go:61.17,63.3 1 1
github.com/nstogner/timewindow/weekdays.go:66.21,68.3 1 1
github.com/nstogner/timewindow/weekdays.go:73.36,75.3 1 1
github.com/nstogner/timewindow/weekdays.go:79.27,80.23 1 1
github.com/nstogner/timewindow/weekdays.go:80.23,82.4 1 1
github.com/nstogner/timewindow/weekdays.go:90.66,91.17 1 1
github.com/nstogner/timewindow/weekdays.go:95.2,96.18 2 1
github.com/nstogner/timewindow/weekdays.go:91.17,93.3 1 1
github.com/nstogner/timewindow/weekdays.go:96.18,98.3 1 1
github.com/nstogner/timewindow/weekdays.go:98.8,98.25 1 1
github.com/nstogner/timewindow/weekdays.go:98.25,100.3 1 1
github.com/nstogner/timewindow/weekdays.go:100.8,102.3 1 1
github.com/nstogner/timewindow/window.go:7.84,24.23 1 1
github.com/nstogner/timewindow/window.go:30.2,30.22 1 1
github.com/nstogner/timewindow/window.go:36.2,36.41 1 1
github.com/nstogner/timewindow/window.go:43.2,43.38 1 1
github.com/nstogner/timewindow/window.go:48.2,48.17 1 0
github.com/nstogner/timewindow/window.go:24.23,26.3 1 1
github.com/nstogner/timewindow/window.go:30.22,32.3 1 1
github.com/nstogner/timewindow/window.go:36.41,38.3 1 1
github.com/nstogner/timewindow/window.go:43.38,45.3 1 1
github.com/nstogner/timewindow/tod.go:16.38,19.21 3 1
github.com/nstogner/timewindow/tod.go:23.2,24.16 2 1
github.com/nstogner/timewindow/tod.go:27.2,28.16 2 1
github.com/nstogner/timewindow/tod.go:32.2,32.27 1 1
github.com/nstogner/timewindow/tod.go:35.2,35.31 1 1
github.com/nstogner/timewindow/tod.go:39.2,39.45 1 1
github.com/nstogner/timewindow/tod.go:19.21,21.3 1 1
github.com/nstogner/timewindow/tod.go:24.16,26.3 1 0
github.com/nstogner/timewindow/tod.go:28.16,30.3 1 0
github.com/nstogner/timewindow/tod.go:32.27,34.3 1 1
github.com/nstogner/timewindow/tod.go:35.31,37.3 1 1
github.com/nstogner/timewindow/tod_week_window.go:8.87,10.16 2 0
github.com/nstogner/timewindow/tod_week_window.go:14.2,15.16 2 0
github.com/nstogner/timewindow/tod_week_window.go:19.2,20.16 2 0
github.com/nstogner/timewindow/tod_week_window.go:24.2,24.59 1 0
github.com/nstogner/timewindow/tod_week_window.go:10.16,12.3 1 0
github.com/nstogner/timewindow/tod_week_window.go:15.16,17.3 1 0
github.com/nstogner/timewindow/tod_week_window.go:20.16,22.3 1 0
github.com/nstogner/timewindow/tod_week_window.go:35.75,38.2 2 1
github.com/nstogner/timewindow/tod_week_window.go:40.60,42.2 1 1
github.com/nstogner/timewindow/tod_week_window.go:44.69,46.2 1 1
github.com/nstogner/timewindow/tod_week_window.go:48.58,51.18 2 1
github.com/nstogner/timewindow/tod_week_window.go:55.2,55.12 1 1
github.com/nstogner/timewindow/tod_week_window.go:51.18,53.3 1 0
github.com/nstogner/timewindow/tod_week_window.go:58.66,59.30 1 1
github.com/nstogner/timewindow/tod_week_window.go:63.2,63.10 1 1
github.com/nstogner/timewindow/tod_week_window.go:59.30,62.3 2 1
github.com/nstogner/timewindow/tod_week_window.go:66.40,68.2 1 1
